<?xml version="1.0" encoding="UTF-8"?>
<testsuite xmlns:xsi="http://www.w3.org/2001/XMLSchema-instance" xsi:noNamespaceSchemaLocation="https://maven.apache.org/surefire/maven-surefire-plugin/xsd/surefire-test-report.xsd" name="nrt.acc.customproyect.ExampleProyect.ExampleProyectApplicationTests" time="0.187" tests="1" errors="1" skipped="0" failures="0">
  <properties>
[...]
</properties>
  <testcase name="nrt.acc.customproyect.ExampleProyect.ExampleProyectApplicationTests" classname="nrt.acc.customproyect.ExampleProyect.ExampleProyectApplicationTests" time="0.186">
    <error message="Unable to find a @SpringBootConfiguration, you need to use @ContextConfiguration or @SpringBootTest(classes=...) with your test" type="java.lang.IllegalStateException">java.lang.IllegalStateException: Unable to find a @SpringBootConfiguration, you need to use @ContextConfiguration or @SpringBootTest(classes=...) with your test
</error>
    <system-out><![CDATA[16:53:22.683 [main] DEBUG org.springframework.test.context.BootstrapUtils - Instantiating CacheAwareContextLoaderDelegate from class [org.springframework.test.context.cache.DefaultCacheAwareContextLoaderDelegate]
16:53:22.693 [main] DEBUG org.springframework.test.context.BootstrapUtils - Instantiating BootstrapContext using constructor [public org.springframework.test.context.support.DefaultBootstrapContext(java.lang.Class,org.springframework.test.context.CacheAwareContextLoaderDelegate)]
16:53:22.724 [main] DEBUG org.springframework.test.context.BootstrapUtils - Instantiating TestContextBootstrapper for test class [nrt.acc.customproyect.ExampleProyect.ExampleProyectApplicationTests] from class [org.springframework.boot.test.context.SpringBootTestContextBootstrapper]
16:53:22.735 [main] INFO org.springframework.boot.test.context.SpringBootTestContextBootstrapper - Neither @ContextConfiguration nor @ContextHierarchy found for test class [nrt.acc.customproyect.ExampleProyect.ExampleProyectApplicationTests], using SpringBootContextLoader
16:53:22.738 [main] DEBUG org.springframework.test.context.support.AbstractContextLoader - Did not detect default resource location for test class [nrt.acc.customproyect.ExampleProyect.ExampleProyectApplicationTests]: class path resource [nrt/acc/customproyect/ExampleProyect/ExampleProyectApplicationTests-context.xml] does not exist
16:53:22.738 [main] DEBUG org.springframework.test.context.support.AbstractContextLoader - Did not detect default resource location for test class [nrt.acc.customproyect.ExampleProyect.ExampleProyectApplicationTests]: class path resource [nrt/acc/customproyect/ExampleProyect/ExampleProyectApplicationTestsContext.groovy] does not exist
16:53:22.739 [main] INFO org.springframework.test.context.support.AbstractContextLoader - Could not detect default resource locations for test class [nrt.acc.customproyect.ExampleProyect.ExampleProyectApplicationTests]: no resource found for suffixes {-context.xml, Context.groovy}.
16:53:22.739 [main] INFO org.springframework.test.context.support.AnnotationConfigContextLoaderUtils - Could not detect default configuration classes for test class [nrt.acc.customproyect.ExampleProyect.ExampleProyectApplicationTests]: ExampleProyectApplicationTests does not declare any static, non-private, non-final, nested classes annotated with @Configuration.
16:53:22.780 [main] DEBUG org.springframework.test.context.support.ActiveProfilesUtils - Could not find an 'annotation declaring class' for annotation type [org.springframework.test.context.ActiveProfiles] and class [nrt.acc.customproyect.ExampleProyect.ExampleProyectApplicationTests]
]]></system-out>
  </testcase>
</testsuite>